2023-02-16 15:28:19 -  - exec CUpdateClientPartner::SearchModulesEx
2023-02-16 15:28:19 -  - exec CUpdateClientPartner::__CollectRequestData
2023-02-16 15:28:19 -  - utf=Y&lang=ru&stable=Y&CANGZIP=Y&SUPD_DBS=MYSQL&XE=N&CLIENT_SITE=rimstudio&LICENSE_KEY=X&SUPD_STS=1&SUPD_URS=0&SUPD_URSA=1&TYPENC=D&CLIENT_PHPVER=7.4.30&NGINX=Y&dbv=8.0.30&instm=main%2C22.0.300%2CY%3Bb24connector%2C21.100.0%2CN%3Bbitrix.sitecorporate%2C15.5.0%2CN%3Bbitrix.siteinfoportal%2C15.5.0%2CN%3Bbitrix.sitepersonal%2C15.5.0%2CN%3Bbitrixcloud%2C22.0.0%2CN%3Bblog%2C21.300.0%2CN%3Bclouds%2C22.0.0%2CN%3Bfileman%2C22.0.0%2CN%3Bform%2C21.0.0%2CN%3Bforum%2C21.300.100%2CN%3Bhighloadblock%2C22.200.0%2CN%3Biblock%2C21.800.300%2CN%3Blanding%2C21.1300.200%2CN%3Bmessageservice%2C22.200.100%2CN%3Bmobileapp%2C21.0.300%2CN%3Bperfmon%2C21.0.0%2CN%3Bphotogallery%2C21.200.0%2CN%3Brest%2C22.0.100%2CN%3Bscale%2C21.0.0%2CN%3Bsearch%2C22.0.0%2CN%3Bsecurity%2C21.200.0%2CN%3Bseo%2C22.0.200%2CN%3Bsocialservices%2C22.0.250%2CN%3Bsubscribe%2C21.0.0%2CN%3Btranslate%2C21.100.0%2CN%3Bui%2C22.400.50%2CN%3Bvote%2C21.0.100%2CN&search_module_id=&search_module=&search_category=7%2C14&search_type=&search_order=DESC&search_order_by=SORT&search_page=1&SUPD_SRS=RU&SUPD_CMP=N
2023-02-16 15:28:19 -  - exec CUpdateClientPartner::GetHTTPPage
2023-02-16 15:28:20 -  - TIME SearchModulesEx(request) 1.507 sec
2023-02-16 15:28:20 -  - exec CUpdateClientPartner::ParseServerData
2023-02-16 15:28:43 -  - exec CUpdateClientPartner::LoadModulesUpdates
2023-02-16 15:28:43 -  - exec CUpdateClientPartner::__CollectRequestData
2023-02-16 15:28:43 -  - utf=Y&lang=ru&stable=Y&CANGZIP=Y&SUPD_DBS=MYSQL&XE=N&CLIENT_SITE=rimstudio&LICENSE_KEY=X&SUPD_STS=1&SUPD_URS=0&SUPD_URSA=1&TYPENC=D&CLIENT_PHPVER=7.4.30&NGINX=Y&dbv=8.0.30&instm=main%2C22.0.300%2CY%3Bb24connector%2C21.100.0%2CN%3Bbitrix.sitecorporate%2C15.5.0%2CN%3Bbitrix.siteinfoportal%2C15.5.0%2CN%3Bbitrix.sitepersonal%2C15.5.0%2CN%3Bbitrixcloud%2C22.0.0%2CN%3Bblog%2C21.300.0%2CN%3Bclouds%2C22.0.0%2CN%3Bfileman%2C22.0.0%2CN%3Bform%2C21.0.0%2CN%3Bforum%2C21.300.100%2CN%3Bhighloadblock%2C22.200.0%2CN%3Biblock%2C21.800.300%2CN%3Blanding%2C21.1300.200%2CN%3Bmessageservice%2C22.200.100%2CN%3Bmobileapp%2C21.0.300%2CN%3Bperfmon%2C21.0.0%2CN%3Bphotogallery%2C21.200.0%2CN%3Brest%2C22.0.100%2CN%3Bscale%2C21.0.0%2CN%3Bsearch%2C22.0.0%2CN%3Bsecurity%2C21.200.0%2CN%3Bseo%2C22.0.200%2CN%3Bsocialservices%2C22.0.250%2CN%3Bsubscribe%2C21.0.0%2CN%3Btranslate%2C21.100.0%2CN%3Bui%2C22.400.50%2CN%3Bvote%2C21.0.100%2CN&reqm=nsandrey.emptyinstall&lim=Y&SUPD_SRS=RU&SUPD_CMP=N
2023-02-16 15:28:43 -  - exec CUpdateClientPartner::GetHTTPPage
2023-02-16 15:28:44 -  - TIME LoadModulesUpdates(request) 0.368 sec
2023-02-16 15:28:44 -  - exec CUpdateClientPartner::ParseServerData
2023-02-16 15:28:44 - S - STEP
2023-02-16 15:28:44 - LM4W01 - loadModule4Wizard-Step
2023-02-16 15:28:44 -  - exec CUpdateClientPartner::LoadModulesUpdates
2023-02-16 15:28:44 -  - exec CUpdateClientPartner::ParseServerData
2023-02-16 15:28:44 -  - loadFile
2023-02-16 15:28:44 - U - RETURN
2023-02-16 15:28:44 -  - exec CUpdateClientPartner::UnGzipArchive
2023-02-16 15:28:45 -  - TIME UnGzipArchive 0.181 sec
2023-02-16 15:28:45 -  - TIME UpdateStepModules 0.111 sec
2023-02-16 15:28:45 -  - exec CUpdateClientPartner::LoadModulesUpdates
2023-02-16 15:28:45 -  - exec CUpdateClientPartner::__CollectRequestData
2023-02-16 15:28:45 -  - utf=Y&lang=ru&stable=Y&CANGZIP=Y&SUPD_DBS=MYSQL&XE=N&CLIENT_SITE=rimstudio&LICENSE_KEY=X&SUPD_STS=1&SUPD_URS=0&SUPD_URSA=1&TYPENC=D&CLIENT_PHPVER=7.4.30&NGINX=Y&dbv=8.0.30&instm=main%2C22.0.300%2CY%3Bb24connector%2C21.100.0%2CN%3Bbitrix.sitecorporate%2C15.5.0%2CN%3Bbitrix.siteinfoportal%2C15.5.0%2CN%3Bbitrix.sitepersonal%2C15.5.0%2CN%3Bbitrixcloud%2C22.0.0%2CN%3Bblog%2C21.300.0%2CN%3Bclouds%2C22.0.0%2CN%3Bfileman%2C22.0.0%2CN%3Bform%2C21.0.0%2CN%3Bforum%2C21.300.100%2CN%3Bhighloadblock%2C22.200.0%2CN%3Biblock%2C21.800.300%2CN%3Blanding%2C21.1300.200%2CN%3Bmessageservice%2C22.200.100%2CN%3Bmobileapp%2C21.0.300%2CN%3Bnsandrey.emptyinstall%2C1.0.5%2CN%3Bperfmon%2C21.0.0%2CN%3Bphotogallery%2C21.200.0%2CN%3Brest%2C22.0.100%2CN%3Bscale%2C21.0.0%2CN%3Bsearch%2C22.0.0%2CN%3Bsecurity%2C21.200.0%2CN%3Bseo%2C22.0.200%2CN%3Bsocialservices%2C22.0.250%2CN%3Bsubscribe%2C21.0.0%2CN%3Btranslate%2C21.100.0%2CN%3Bui%2C22.400.50%2CN%3Bvote%2C21.0.100%2CN&reqm=nsandrey.emptyinstall&lim=Y&SUPD_SRS=RU&SUPD_CMP=N
2023-02-16 15:28:45 -  - exec CUpdateClientPartner::GetHTTPPage
2023-02-16 15:28:45 -  - TIME LoadModulesUpdates(request) 0.359 sec
2023-02-16 15:28:45 -  - exec CUpdateClientPartner::ParseServerData
2023-02-16 15:28:45 - STEP - Finish - NOUPDATES
2023-02-16 15:28:45 - LM4W03 - Finish - NOUPDATES
2023-02-16 15:29:29 -  - exec CUpdateClientPartner::__CollectRequestData
2023-02-16 15:29:29 -  - exec CUpdateClientPartner::GetHTTPPage
2023-02-16 15:29:29 -  - exec CUpdateClientPartner::ParseServerData
2023-02-16 15:29:29 -  - exec CUpdateClientPartner::GetUpdatesList
2023-02-16 15:29:29 -  - exec CUpdateClientPartner::__CollectRequestData
2023-02-16 15:29:29 -  - utf=Y&lang=ru&stable=Y&CANGZIP=Y&SUPD_DBS=MYSQL&XE=N&CLIENT_SITE=rimstudio&LICENSE_KEY=X&SUPD_STS=1&SUPD_URS=0&SUPD_URSA=1&TYPENC=D&CLIENT_PHPVER=7.4.30&NGINX=Y&dbv=8.0.30&instm=main%2C22.0.300%2CY%3Bb24connector%2C21.100.0%2CN%3Bbitrix.sitecorporate%2C15.5.0%2CN%3Bbitrix.siteinfoportal%2C15.5.0%2CN%3Bbitrix.sitepersonal%2C15.5.0%2CN%3Bbitrixcloud%2C22.0.0%2CN%3Bblog%2C21.300.0%2CN%3Bclouds%2C22.0.0%2CN%3Bfileman%2C22.0.0%2CN%3Bform%2C21.0.0%2CN%3Bforum%2C21.300.100%2CN%3Bhighloadblock%2C22.200.0%2CN%3Biblock%2C21.800.300%2CN%3Blanding%2C21.1300.200%2CN%3Bmessageservice%2C22.200.100%2CN%3Bmobileapp%2C21.0.300%2CN%3Bnsandrey.emptyinstall%2C1.0.5%2CN%3Bperfmon%2C21.0.0%2CN%3Bphotogallery%2C21.200.0%2CN%3Brest%2C22.0.100%2CN%3Bscale%2C21.0.0%2CN%3Bsearch%2C22.0.0%2CN%3Bsecurity%2C21.200.0%2CN%3Bseo%2C22.0.200%2CN%3Bsocialservices%2C22.0.250%2CN%3Bsubscribe%2C21.0.0%2CN%3Btranslate%2C21.100.0%2CN%3Bui%2C22.400.50%2CN%3Bvote%2C21.0.100%2CN&reqm=bitrix.sitecorporate%2Cbitrix.siteinfoportal%2Cbitrix.sitepersonal%2Cnsandrey.emptyinstall&fullmoduleinfo=Y&SUPD_SRS=RU&SUPD_CMP=N
2023-02-16 15:29:29 -  - exec CUpdateClientPartner::GetHTTPPage
2023-02-16 15:29:30 -  - TIME GetUpdatesList(request) 0.34 sec
2023-02-16 15:29:30 -  - exec CUpdateClientPartner::ParseServerData
2023-02-16 15:29:30 -  - exec CUpdateClientPartner::__CollectRequestData
2023-02-16 15:29:30 -  - exec CUpdateClientPartner::GetHTTPPage
2023-02-16 15:29:30 -  - exec CUpdateClientPartner::ParseServerData
2023-02-18 08:18:29 -  - exec CUpdateClientPartner::__CollectRequestData
2023-02-18 08:18:29 -  - exec CUpdateClientPartner::GetHTTPPage
2023-02-18 08:18:30 -  - exec CUpdateClientPartner::ParseServerData
2023-02-18 08:18:30 -  - exec CUpdateClientPartner::GetUpdatesList
2023-02-18 08:18:30 -  - exec CUpdateClientPartner::__CollectRequestData
2023-02-18 08:18:30 -  - utf=Y&lang=ru&stable=Y&CANGZIP=Y&SUPD_DBS=MYSQL&XE=N&CLIENT_SITE=rimstudio&LICENSE_KEY=X&SUPD_STS=1&SUPD_URS=0&SUPD_URSA=1&TYPENC=D&CLIENT_PHPVER=7.4.30&NGINX=Y&dbv=8.0.30&instm=main%2C22.0.300%2CY%3Bb24connector%2C21.100.0%2CN%3Bbitrix.sitecorporate%2C15.5.0%2CN%3Bbitrix.siteinfoportal%2C15.5.0%2CN%3Bbitrix.sitepersonal%2C15.5.0%2CN%3Bbitrixcloud%2C22.0.0%2CN%3Bblog%2C21.300.0%2CN%3Bclouds%2C22.0.0%2CN%3Bfileman%2C22.0.0%2CN%3Bform%2C21.0.0%2CN%3Bforum%2C21.300.100%2CN%3Bhighloadblock%2C22.200.0%2CN%3Biblock%2C21.800.300%2CN%3Blanding%2C21.1300.200%2CN%3Bmessageservice%2C22.200.100%2CN%3Bmobileapp%2C21.0.300%2CN%3Bnsandrey.emptyinstall%2C1.0.5%2CN%3Bperfmon%2C21.0.0%2CN%3Bphotogallery%2C21.200.0%2CN%3Brest%2C22.0.100%2CN%3Bscale%2C21.0.0%2CN%3Bsearch%2C22.0.0%2CN%3Bsecurity%2C21.200.0%2CN%3Bseo%2C22.0.200%2CN%3Bsocialservices%2C22.0.250%2CN%3Bsubscribe%2C21.0.0%2CN%3Btranslate%2C21.100.0%2CN%3Bui%2C22.400.50%2CN%3Bvote%2C21.0.100%2CN&reqm=bitrix.sitecorporate%2Cbitrix.siteinfoportal%2Cbitrix.sitepersonal%2Cnsandrey.emptyinstall&fullmoduleinfo=Y&SUPD_SRS=RU&SUPD_CMP=N
2023-02-18 08:18:30 -  - exec CUpdateClientPartner::GetHTTPPage
2023-02-18 08:18:30 -  - TIME GetUpdatesList(request) 0.312 sec
2023-02-18 08:18:30 -  - exec CUpdateClientPartner::ParseServerData
2023-02-18 08:18:30 -  - exec CUpdateClientPartner::__CollectRequestData
2023-02-18 08:18:30 -  - exec CUpdateClientPartner::GetHTTPPage
2023-02-18 08:18:30 -  - exec CUpdateClientPartner::ParseServerData
2023-02-19 08:22:53 -  - exec CUpdateClientPartner::__CollectRequestData
2023-02-19 08:22:53 -  - exec CUpdateClientPartner::GetHTTPPage
2023-02-19 08:22:53 -  - exec CUpdateClientPartner::ParseServerData
2023-02-19 08:22:53 -  - exec CUpdateClientPartner::GetUpdatesList
2023-02-19 08:22:53 -  - exec CUpdateClientPartner::__CollectRequestData
2023-02-19 08:22:53 -  - utf=Y&lang=ru&stable=Y&CANGZIP=Y&SUPD_DBS=MYSQL&XE=N&CLIENT_SITE=rimstudio&LICENSE_KEY=X&SUPD_STS=1&SUPD_URS=0&SUPD_URSA=1&TYPENC=D&CLIENT_PHPVER=7.4.30&NGINX=Y&dbv=8.0.30&instm=main%2C22.500.700%2CY%3Bb24connector%2C22.0.0%2CN%3Bbitrix.sitecorporate%2C15.5.0%2CN%3Bbitrix.siteinfoportal%2C15.5.0%2CN%3Bbitrix.sitepersonal%2C15.5.0%2CN%3Bbitrixcloud%2C22.100.0%2CN%3Bblog%2C22.0.0%2CN%3Bclouds%2C22.200.0%2CN%3Bfileman%2C22.300.0%2CN%3Bform%2C22.0.0%2CN%3Bforum%2C22.200.100%2CN%3Bhighloadblock%2C22.200.0%2CN%3Biblock%2C22.300.200%2CN%3Blanding%2C22.700.200%2CN%3Blocation%2C22.400.0%2CN%3Bmessageservice%2C22.600.0%2CN%3Bmobileapp%2C22.100.100%2CN%3Bnsandrey.emptyinstall%2C1.0.5%2CN%3Bperfmon%2C21.0.0%2CN%3Bphotogallery%2C22.0.100%2CN%3Brest%2C22.300.200%2CN%3Bscale%2C21.0.0%2CN%3Bsearch%2C22.100.0%2CN%3Bsecurity%2C21.200.200%2CN%3Bseo%2C22.200.300%2CN%3Bsocialservices%2C22.200.0%2CN%3Bsubscribe%2C21.0.0%2CN%3Btranslate%2C22.200.0%2CN%3Bui%2C22.1100.100%2CN%3Bvote%2C22.300.0%2CN&reqm=bitrix.sitecorporate%2Cbitrix.siteinfoportal%2Cbitrix.sitepersonal%2Cnsandrey.emptyinstall&fullmoduleinfo=Y&SUPD_SRS=RU&SUPD_CMP=N
2023-02-19 08:22:53 -  - exec CUpdateClientPartner::GetHTTPPage
2023-02-19 08:22:54 -  - TIME GetUpdatesList(request) 0.323 sec
2023-02-19 08:22:54 -  - exec CUpdateClientPartner::ParseServerData
2023-02-19 08:22:54 -  - exec CUpdateClientPartner::__CollectRequestData
2023-02-19 08:22:54 -  - exec CUpdateClientPartner::GetHTTPPage
2023-02-19 08:22:54 -  - exec CUpdateClientPartner::ParseServerData
2023-02-20 15:46:18 -  - exec CUpdateClientPartner::__CollectRequestData
2023-02-20 15:46:18 -  - exec CUpdateClientPartner::GetHTTPPage
2023-02-20 15:46:19 -  - exec CUpdateClientPartner::ParseServerData
2023-02-20 15:46:19 -  - exec CUpdateClientPartner::GetUpdatesList
2023-02-20 15:46:19 -  - exec CUpdateClientPartner::__CollectRequestData
2023-02-20 15:46:19 -  - utf=Y&lang=ru&stable=Y&CANGZIP=Y&SUPD_DBS=MYSQL&XE=N&CLIENT_SITE=rimstudio&LICENSE_KEY=X&SUPD_STS=1&SUPD_URS=0&SUPD_URSA=1&TYPENC=D&CLIENT_PHPVER=7.4.30&NGINX=Y&dbv=8.0.30&instm=main%2C22.500.700%2CY%3Bb24connector%2C22.0.0%2CN%3Bbitrix.sitecorporate%2C15.5.0%2CN%3Bbitrix.siteinfoportal%2C15.5.0%2CN%3Bbitrix.sitepersonal%2C15.5.0%2CN%3Bbitrixcloud%2C22.100.0%2CN%3Bblog%2C22.0.0%2CN%3Bclouds%2C22.200.0%2CN%3Bfileman%2C22.300.0%2CN%3Bform%2C22.0.0%2CN%3Bforum%2C22.200.100%2CN%3Bhighloadblock%2C22.200.0%2CN%3Biblock%2C22.300.200%2CN%3Blanding%2C22.700.200%2CN%3Blocation%2C22.400.0%2CN%3Bmessageservice%2C22.600.0%2CN%3Bmobileapp%2C22.100.100%2CN%3Bnsandrey.emptyinstall%2C1.0.5%2CN%3Bperfmon%2C21.0.0%2CN%3Bphotogallery%2C22.0.100%2CN%3Brest%2C22.300.200%2CN%3Bscale%2C21.0.0%2CN%3Bsearch%2C22.100.0%2CN%3Bsecurity%2C21.200.200%2CN%3Bseo%2C22.200.300%2CN%3Bsocialservices%2C22.200.0%2CN%3Bsubscribe%2C21.0.0%2CN%3Btranslate%2C22.200.0%2CN%3Bui%2C22.1100.100%2CN%3Bvote%2C22.300.0%2CN&reqm=bitrix.sitecorporate%2Cbitrix.siteinfoportal%2Cbitrix.sitepersonal%2Cnsandrey.emptyinstall&fullmoduleinfo=Y&SUPD_SRS=RU&SUPD_CMP=N
2023-02-20 15:46:19 -  - exec CUpdateClientPartner::GetHTTPPage
2023-02-20 15:46:20 -  - TIME GetUpdatesList(request) 0.489 sec
2023-02-20 15:46:20 -  - exec CUpdateClientPartner::ParseServerData
2023-02-20 15:46:20 -  - exec CUpdateClientPartner::__CollectRequestData
2023-02-20 15:46:20 -  - exec CUpdateClientPartner::GetHTTPPage
2023-02-20 15:46:20 -  - exec CUpdateClientPartner::ParseServerData
